<?xml version="1.0" encoding="UTF-8"?>
<!-- Generated by org.testng.reporters.JUnitReportReporter -->
<testsuite hostname="BMH316969" name="com.eshop.test.ListContainsAllTest" tests="2" failures="0" timestamp="11 Jun 2013 04:57:04 GMT" time="0.016" errors="0">
  <testcase name="testListContainsAllString" time="0.015" classname="com.eshop.test.ListContainsAllTest"/>
  <testcase name="testListEqualsString" time="0.001" classname="com.eshop.test.ListContainsAllTest"/>
</testsuite> <!-- com.eshop.test.ListContainsAllTest -->
