<?xml version="1.0" encoding="UTF-8"?>
<!-- Generated by org.testng.reporters.JUnitReportReporter -->
<testsuite hostname="BMH316969" name="AnnotationTest" tests="1" failures="0" timestamp="2 Jul 2013 09:08:49 GMT" time="0.023" errors="0">
  <testcase name="testAnnotationInheritence" time="0.023" classname="AnnotationTest"/>
</testsuite> <!-- AnnotationTest -->
