<?xml version="1.0" encoding="UTF-8"?>
<!-- Generated by org.testng.reporters.JUnitReportReporter -->
<testsuite hostname="BMH316969" name="com.etyre.vehicle.service.VehicleMakeServiceTest" tests="4" failures="0" timestamp="2 May 2013 07:24:10 GMT" time="0.190" errors="0">
  <testcase name="testAddVehicleMake" time="0.140" classname="com.etyre.vehicle.service.VehicleMakeServiceTest"/>
  <testcase name="testUpdateVehicleMake" time="0.040" classname="com.etyre.vehicle.service.VehicleMakeServiceTest"/>
  <testcase name="testgetVehicleMake" time="0.005" classname="com.etyre.vehicle.service.VehicleMakeServiceTest"/>
  <testcase name="testCreateVehicleMake" time="0.005" classname="com.etyre.vehicle.service.VehicleMakeServiceTest"/>
</testsuite> <!-- com.etyre.vehicle.service.VehicleMakeServiceTest -->
